{"level":"info","message":"Hello from Acquisitions API!","service":"acquisitions-api"}
{"level":"info","message":"::1 - - [14/Sep/2025:08:08:01 +0000] \"GET / HTTP/1.1\" 200 28 \"-\" \"HTTPie\"","service":"acquisitions-api"}
{"level":"info","message":"::1 - - [14/Sep/2025:08:23:37 +0000] \"GET /health HTTP/1.1\" 200 73 \"-\" \"HTTPie\"","service":"acquisitions-api"}
{"level":"info","message":"::1 - - [14/Sep/2025:08:50:22 +0000] \"POST /api/auth/sign-up HTTP/1.1\" 400 92 \"-\" \"HTTPie\"","service":"acquisitions-api"}
{"level":"info","message":"::1 - - [14/Sep/2025:08:50:55 +0000] \"POST /api/auth/sign-up HTTP/1.1\" 400 92 \"-\" \"HTTPie\"","service":"acquisitions-api"}
{"level":"info","message":"::1 - - [14/Sep/2025:08:52:10 +0000] \"POST /api/auth/sign-up HTTP/1.1\" 400 92 \"-\" \"HTTPie\"","service":"acquisitions-api"}
{"level":"info","message":"::1 - - [14/Sep/2025:08:53:14 +0000] \"POST /api/auth/sign-up HTTP/1.1\" 400 92 \"-\" \"HTTPie\"","service":"acquisitions-api"}
{"level":"info","message":"::1 - - [14/Sep/2025:08:56:11 +0000] \"POST /api/auth/sign-up HTTP/1.1\" 400 92 \"-\" \"HTTPie\"","service":"acquisitions-api"}
{"level":"info","message":"User registered successfully: satyamchaturvedi71@gmail.com","service":"acquisitions-api"}
{"level":"info","message":"::1 - - [14/Sep/2025:09:01:46 +0000] \"POST /api/auth/sign-up HTTP/1.1\" 201 107 \"-\" \"HTTPie\"","service":"acquisitions-api"}
{"level":"info","message":"User registered successfully: satyamchaturvedi71@gmail.com","service":"acquisitions-api"}
{"level":"info","message":"::1 - - [14/Sep/2025:09:02:32 +0000] \"POST /api/auth/sign-up HTTP/1.1\" 201 107 \"-\" \"HTTPie\"","service":"acquisitions-api"}
{"level":"error","message":"Error creating user Cannot convert undefined or null to object","service":"acquisitions-api","stack":"TypeError: Cannot convert undefined or null to object\n    at Function.entries (<anonymous>)\n    at orderSelectedFields (file:///C:/Users/Satyam/Desktop/Web%20Development/acquisitions/node_modules/drizzle-orm/utils.js:53:17)\n    at file:///C:/Users/Satyam/Desktop/Web%20Development/acquisitions/node_modules/drizzle-orm/utils.js:63:22\n    at Array.reduce (<anonymous>)\n    at orderSelectedFields (file:///C:/Users/Satyam/Desktop/Web%20Development/acquisitions/node_modules/drizzle-orm/utils.js:53:33)\n    at QueryPromise.returning (file:///C:/Users/Satyam/Desktop/Web%20Development/acquisitions/node_modules/drizzle-orm/pg-core/query-builders/insert.js:75:29)\n    at createUser (file:///C:/Users/Satyam/Desktop/Web%20Development/acquisitions/src/services/auth.service.js:28:8)\n    at async signup (file:///C:/Users/Satyam/Desktop/Web%20Development/acquisitions/src/controllers/auth.controller.js:17:18)"}
{"level":"error","message":"Signup error Error creating user","service":"acquisitions-api","stack":"Error: Error creating user\n    at createUser (file:///C:/Users/Satyam/Desktop/Web%20Development/acquisitions/src/services/auth.service.js:39:11)\n    at async signup (file:///C:/Users/Satyam/Desktop/Web%20Development/acquisitions/src/controllers/auth.controller.js:17:18)"}
{"level":"info","message":"::1 - - [14/Sep/2025:09:20:24 +0000] \"POST /api/auth/sign-up HTTP/1.1\" 500 423 \"-\" \"HTTPie\"","service":"acquisitions-api"}
{"level":"info","message":"User satyamchaturvedi71@gmail.com created successfully","service":"acquisitions-api"}
{"level":"info","message":"User registered successfully: satyamchaturvedi71@gmail.com","service":"acquisitions-api"}
{"level":"info","message":"::1 - - [14/Sep/2025:09:23:48 +0000] \"POST /api/auth/sign-up HTTP/1.1\" 201 115 \"-\" \"HTTPie\"","service":"acquisitions-api"}
{"level":"info","message":"User satyamchaturvedi22289@gmail.com created successfully","service":"acquisitions-api"}
{"level":"info","message":"User registered successfully: satyamchaturvedi22289@gmail.com","service":"acquisitions-api"}
{"level":"info","message":"::1 - - [14/Sep/2025:09:26:12 +0000] \"POST /api/auth/sign-up HTTP/1.1\" 201 128 \"-\" \"HTTPie\"","service":"acquisitions-api"}
{"level":"info","message":"::1 - - [14/Sep/2025:09:45:45 +0000] \"POST /api/auth/sign-in HTTP/1.1\" 200 22 \"-\" \"HTTPie\"","service":"acquisitions-api"}
{"level":"info","message":"User satyamchaturvedi22289@gmail.com authenticated successfully","service":"acquisitions-api"}
{"level":"error","message":"Sign in error secretOrPrivateKey must have a value","service":"acquisitions-api","stack":"Error: secretOrPrivateKey must have a value\n    at module.exports [as sign] (C:\\Users\\Satyam\\Desktop\\Web Development\\acquisitions\\node_modules\\jsonwebtoken\\sign.js:111:20)\n    at signIn (file:///C:/Users/Satyam/Desktop/Web%20Development/acquisitions/src/controllers/auth.controller.js:54:28)"}
{"level":"info","message":"::1 - - [14/Sep/2025:09:46:33 +0000] \"POST /api/auth/sign-in HTTP/1.1\" 500 444 \"-\" \"HTTPie\"","service":"acquisitions-api"}
{"level":"info","message":"User satyamchaturvedi22289@gmail.com authenticated successfully","service":"acquisitions-api"}
{"level":"info","message":"User signed in successfully: satyamchaturvedi22289@gmail.com","service":"acquisitions-api"}
{"level":"info","message":"::1 - - [14/Sep/2025:09:47:47 +0000] \"POST /api/auth/sign-in HTTP/1.1\" 200 140 \"-\" \"HTTPie\"","service":"acquisitions-api"}
{"level":"info","message":"User signed out successfully","service":"acquisitions-api"}
{"level":"info","message":"::1 - - [14/Sep/2025:09:48:38 +0000] \"POST /api/auth/sign-out HTTP/1.1\" 200 42 \"-\" \"HTTPie\"","service":"acquisitions-api"}
{"level":"info","message":"::1 - - [14/Sep/2025:14:36:56 +0000] \"GET /health HTTP/1.1\" 200 74 \"-\" \"HTTPie\"","service":"acquisitions-api"}
{"level":"info","message":"::1 - - [14/Sep/2025:14:36:57 +0000] \"GET /health HTTP/1.1\" 200 73 \"-\" \"HTTPie\"","service":"acquisitions-api"}
{"level":"info","message":"::1 - - [14/Sep/2025:14:36:58 +0000] \"GET /health HTTP/1.1\" 200 74 \"-\" \"HTTPie\"","service":"acquisitions-api"}
{"level":"info","message":"::1 - - [14/Sep/2025:14:36:58 +0000] \"GET /health HTTP/1.1\" 200 74 \"-\" \"HTTPie\"","service":"acquisitions-api"}
{"level":"info","message":"::1 - - [14/Sep/2025:14:36:58 +0000] \"GET /health HTTP/1.1\" 200 74 \"-\" \"HTTPie\"","service":"acquisitions-api"}
{"ip":"::1","level":"warn","message":"Rate limit exceeded","path":"/health","service":"acquisitions-api","userAgent":"HTTPie"}
{"level":"info","message":"::1 - - [14/Sep/2025:14:36:59 +0000] \"GET /health HTTP/1.1\" 429 51 \"-\" \"HTTPie\"","service":"acquisitions-api"}
{"ip":"::1","level":"warn","message":"Rate limit exceeded","path":"/health","service":"acquisitions-api","userAgent":"HTTPie"}
{"level":"info","message":"::1 - - [14/Sep/2025:14:36:59 +0000] \"GET /health HTTP/1.1\" 429 51 \"-\" \"HTTPie\"","service":"acquisitions-api"}
{"level":"info","message":"::1 - - [15/Sep/2025:05:47:03 +0000] \"GET /api/users/2 HTTP/1.1\" 401 72 \"-\" \"Mozilla/5.0 (Windows NT 10.0; Win64; x64) AppleWebKit/537.36 (KHTML, like Gecko) Chrome/140.0.0.0 Safari/537.36\"","service":"acquisitions-api"}
{"level":"info","message":"::1 - - [15/Sep/2025:05:47:04 +0000] \"GET /favicon.ico HTTP/1.1\" 404 150 \"-\" \"Mozilla/5.0 (Windows NT 10.0; Win64; x64) AppleWebKit/537.36 (KHTML, like Gecko) Chrome/140.0.0.0 Safari/537.36\"","service":"acquisitions-api"}
{"level":"info","message":"User satyamchaturvedi22289@gmail.com authenticated successfully","service":"acquisitions-api"}
{"level":"info","message":"User signed in successfully: satyamchaturvedi22289@gmail.com","service":"acquisitions-api"}
{"level":"info","message":"::1 - - [15/Sep/2025:05:48:00 +0000] \"POST /api/auth/sign-in HTTP/1.1\" 200 140 \"-\" \"HTTPie\"","service":"acquisitions-api"}
{"level":"info","message":"::1 - - [15/Sep/2025:05:49:04 +0000] \"GET /api/users/2 HTTP/1.1\" 401 72 \"-\" \"HTTPie\"","service":"acquisitions-api"}
{"level":"info","message":"User authenticated: satyamchaturvedi22289@gmail.com (user)","service":"acquisitions-api"}
{"level":"info","message":"Getting user by id: 2","service":"acquisitions-api"}
{"level":"info","message":"User satyamchaturvedi22289@gmail.com retrieved successfully","service":"acquisitions-api"}
{"level":"info","message":"::1 - - [15/Sep/2025:05:49:25 +0000] \"GET /api/users/2 HTTP/1.1\" 200 220 \"-\" \"HTTPie\"","service":"acquisitions-api"}
{"level":"info","message":"User authenticated: satyamchaturvedi22289@gmail.com (user)","service":"acquisitions-api"}
{"level":"warn","message":"Access denied for user satyamchaturvedi22289@gmail.com with role user. Required: admin","service":"acquisitions-api"}
{"level":"info","message":"::1 - - [15/Sep/2025:05:49:46 +0000] \"DELETE /api/users/2 HTTP/1.1\" 403 62 \"-\" \"HTTPie\"","service":"acquisitions-api"}
{"level":"info","message":"::ffff:127.0.0.1 - - [15/Sep/2025:07:46:16 +0000] \"GET /health HTTP/1.1\" 200 73 \"-\" \"-\"","service":"acquisitions-api"}
{"level":"info","message":"::ffff:127.0.0.1 - - [15/Sep/2025:07:46:17 +0000] \"GET /api HTTP/1.1\" 200 41 \"-\" \"-\"","service":"acquisitions-api"}
{"level":"info","message":"::ffff:127.0.0.1 - - [15/Sep/2025:07:46:17 +0000] \"GET /non-existent HTTP/1.1\" 404 71 \"-\" \"-\"","service":"acquisitions-api"}
